<?xml version="1.0" encoding="UTF-8"?>
<!-- Generated by org.testng.reporters.JUnitXMLReporter -->
<testsuite hostname="ELSPHIL-7007894" name="Test2" tests="1" failures="1" timestamp="14 Jan 2016 13:58:26 GMT" time="147.786" errors="0">
  <testcase name="testNBC" time="147.74" classname="com.mop.qa.test.bvt.Test_Schedule_Assesment">
    <failure type="junit.framework.AssertionFailedError" message="Exception on clicking webelementClick on Belief, Values and Caringorg.openqa.selenium.TimeoutException: Timed out after 60 seconds waiting for visibility of [[FirefoxDriver: firefox on WINDOWS (7dcdd1b3-bac3-424b-8be6-9b11a42c2c10)] -&amp;gt; xpath: //html/body/ui-view/snap-content/div/div[4]/div/div/ul/li[2]/week-drag-panel/div[2]/ul/li[2]/module-drag-panel/div/div[1]/span]
Build info: version: &amp;apos;2.47.0&amp;apos;, revision: &amp;apos;0e4837e94b1fad0db93e88cd972ed3e235a22892&amp;apos;, time: &amp;apos;2015-07-29 15:58:41&amp;apos;
System info: host: &amp;apos;ELSPHIL-7007894&amp;apos;, ip: &amp;apos;145.36.82.47&amp;apos;, os.name: &amp;apos;Windows 7&amp;apos;, os.arch: &amp;apos;amd64&amp;apos;, os.version: &amp;apos;6.1&amp;apos;, java.version: &amp;apos;1.8.0_65&amp;apos;
Driver info: org.openqa.selenium.firefox.FirefoxDriver
Capabilities [{applicationCacheEnabled=true, rotatable=false, handlesAlerts=true, databaseEnabled=true, version=38.5.2, platform=WINDOWS, nativeEvents=false, acceptSslCerts=true, webStorageEnabled=true, locationContextEnabled=true, browserName=firefox, takesScreenshot=true, javascriptEnabled=true, cssSelectorsEnabled=true}]
Session ID: 7dcdd1b3-bac3-424b-8be6-9b11a42c2c10">
      <![CDATA[junit.framework.AssertionFailedError: Exception on clicking webelementClick on Belief, Values and Caringorg.openqa.selenium.TimeoutException: Timed out after 60 seconds waiting for visibility of [[FirefoxDriver: firefox on WINDOWS (7dcdd1b3-bac3-424b-8be6-9b11a42c2c10)] -> xpath: //html/body/ui-view/snap-content/div/div[4]/div/div/ul/li[2]/week-drag-panel/div[2]/ul/li[2]/module-drag-panel/div/div[1]/span]
Build info: version: '2.47.0', revision: '0e4837e94b1fad0db93e88cd972ed3e235a22892', time: '2015-07-29 15:58:41'
System info: host: 'ELSPHIL-7007894', ip: '145.36.82.47', os.name: 'Windows 7', os.arch: 'amd64', os.version: '6.1', java.version: '1.8.0_65'
Driver info: org.openqa.selenium.firefox.FirefoxDriver
Capabilities [{applicationCacheEnabled=true, rotatable=false, handlesAlerts=true, databaseEnabled=true, version=38.5.2, platform=WINDOWS, nativeEvents=false, acceptSslCerts=true, webStorageEnabled=true, locationContextEnabled=true, browserName=firefox, takesScreenshot=true, javascriptEnabled=true, cssSelectorsEnabled=true}]
Session ID: 7dcdd1b3-bac3-424b-8be6-9b11a42c2c10
	at com.mop.qa.Utilities.ReportGenerator.logException(ReportGenerator.java:233)
	at com.mop.qa.testbase.PageBase_Appium.click(PageBase_Appium.java:321)
	at com.mop.qa.pageobject.Schedule_Assesment.selectModule(Schedule_Assesment.java:216)
	at com.mop.qa.pageobject.Schedule_Assesment.scheduleCourse(Schedule_Assesment.java:167)
	at com.mop.qa.test.bvt.Test_Schedule_Assesment.testNBC(Test_Schedule_Assesment.java:25)
... Removed 24 stack frames]]>
    </failure>
  </testcase> <!-- testNBC -->
</testsuite> <!-- Test2 -->
