<?xml version="1.0" encoding="UTF-8"?>
<testng-results skipped="0" failed="1" total="1" passed="0">
  <reporter-output>
  </reporter-output>
  <suite name="Canvas Schedule Assesment" duration-ms="147786" started-at="2016-01-14T13:55:58Z" finished-at="2016-01-14T13:58:26Z">
    <groups>
    </groups>
    <test name="Test2" duration-ms="147786" started-at="2016-01-14T13:55:58Z" finished-at="2016-01-14T13:58:26Z">
      <class name="com.mop.qa.test.bvt.Test_Schedule_Assesment">
        <test-method status="PASS" signature="executeSuite(org.testng.ITestContext)[pri:0, instance:com.mop.qa.test.bvt.Test_Schedule_Assesment@3796751b]" name="executeSuite" is-config="true" duration-ms="8820" started-at="2016-01-14T08:55:49Z" finished-at="2016-01-14T08:55:58Z">
          <params>
            <param index="0">
              <value>
                <![CDATA[org.testng.TestRunner@e077866]]>
              </value>
            </param>
          </params>
          <reporter-output>
          </reporter-output>
        </test-method> <!-- executeSuite -->
        <test-method status="PASS" signature="startTestReport(org.testng.ITestContext)[pri:0, instance:com.mop.qa.test.bvt.Test_Schedule_Assesment@3796751b]" name="startTestReport" is-config="true" duration-ms="1" started-at="2016-01-14T08:55:58Z" finished-at="2016-01-14T08:55:58Z">
          <params>
            <param index="0">
              <value>
                <![CDATA[org.testng.TestRunner@e077866]]>
              </value>
            </param>
          </params>
          <reporter-output>
          </reporter-output>
        </test-method> <!-- startTestReport -->
        <test-method status="FAIL" signature="testNBC()[pri:0, instance:com.mop.qa.test.bvt.Test_Schedule_Assesment@3796751b]" name="testNBC" duration-ms="147740" started-at="2016-01-14T08:55:58Z" finished-at="2016-01-14T08:58:26Z">
          <exception class="junit.framework.AssertionFailedError">
            <message>
              <![CDATA[Exception on clicking webelementClick on Belief, Values and Caringorg.openqa.selenium.TimeoutException: Timed out after 60 seconds waiting for visibility of [[FirefoxDriver: firefox on WINDOWS (7dcdd1b3-bac3-424b-8be6-9b11a42c2c10)] -> xpath: //html/body/ui-view/snap-content/div/div[4]/div/div/ul/li[2]/week-drag-panel/div[2]/ul/li[2]/module-drag-panel/div/div[1]/span]
Build info: version: '2.47.0', revision: '0e4837e94b1fad0db93e88cd972ed3e235a22892', time: '2015-07-29 15:58:41'
System info: host: 'ELSPHIL-7007894', ip: '145.36.82.47', os.name: 'Windows 7', os.arch: 'amd64', os.version: '6.1', java.version: '1.8.0_65'
Driver info: org.openqa.selenium.firefox.FirefoxDriver
Capabilities [{applicationCacheEnabled=true, rotatable=false, handlesAlerts=true, databaseEnabled=true, version=38.5.2, platform=WINDOWS, nativeEvents=false, acceptSslCerts=true, webStorageEnabled=true, locationContextEnabled=true, browserName=firefox, takesScreenshot=true, javascriptEnabled=true, cssSelectorsEnabled=true}]
Session ID: 7dcdd1b3-bac3-424b-8be6-9b11a42c2c10]]>
            </message>
            <full-stacktrace>
              <![CDATA[junit.framework.AssertionFailedError: Exception on clicking webelementClick on Belief, Values and Caringorg.openqa.selenium.TimeoutException: Timed out after 60 seconds waiting for visibility of [[FirefoxDriver: firefox on WINDOWS (7dcdd1b3-bac3-424b-8be6-9b11a42c2c10)] -> xpath: //html/body/ui-view/snap-content/div/div[4]/div/div/ul/li[2]/week-drag-panel/div[2]/ul/li[2]/module-drag-panel/div/div[1]/span]
Build info: version: '2.47.0', revision: '0e4837e94b1fad0db93e88cd972ed3e235a22892', time: '2015-07-29 15:58:41'
System info: host: 'ELSPHIL-7007894', ip: '145.36.82.47', os.name: 'Windows 7', os.arch: 'amd64', os.version: '6.1', java.version: '1.8.0_65'
Driver info: org.openqa.selenium.firefox.FirefoxDriver
Capabilities [{applicationCacheEnabled=true, rotatable=false, handlesAlerts=true, databaseEnabled=true, version=38.5.2, platform=WINDOWS, nativeEvents=false, acceptSslCerts=true, webStorageEnabled=true, locationContextEnabled=true, browserName=firefox, takesScreenshot=true, javascriptEnabled=true, cssSelectorsEnabled=true}]
Session ID: 7dcdd1b3-bac3-424b-8be6-9b11a42c2c10
	at com.mop.qa.Utilities.ReportGenerator.logException(ReportGenerator.java:233)
	at com.mop.qa.testbase.PageBase_Appium.click(PageBase_Appium.java:321)
	at com.mop.qa.pageobject.Schedule_Assesment.selectModule(Schedule_Assesment.java:216)
	at com.mop.qa.pageobject.Schedule_Assesment.scheduleCourse(Schedule_Assesment.java:167)
	at com.mop.qa.test.bvt.Test_Schedule_Assesment.testNBC(Test_Schedule_Assesment.java:25)
	at sun.reflect.NativeMethodAccessorImpl.invoke0(Native Method)
	at sun.reflect.NativeMethodAccessorImpl.invoke(NativeMethodAccessorImpl.java:62)
	at sun.reflect.DelegatingMethodAccessorImpl.invoke(DelegatingMethodAccessorImpl.java:43)
	at java.lang.reflect.Method.invoke(Method.java:497)
	at org.testng.internal.MethodInvocationHelper.invokeMethod(MethodInvocationHelper.java:84)
	at org.testng.internal.Invoker.invokeMethod(Invoker.java:714)
	at org.testng.internal.Invoker.invokeTestMethod(Invoker.java:901)
	at org.testng.internal.Invoker.invokeTestMethods(Invoker.java:1231)
	at org.testng.internal.TestMethodWorker.invokeTestMethods(TestMethodWorker.java:127)
	at org.testng.internal.TestMethodWorker.run(TestMethodWorker.java:111)
	at org.testng.TestRunner.privateRun(TestRunner.java:767)
	at org.testng.TestRunner.run(TestRunner.java:617)
	at org.testng.SuiteRunner.runTest(SuiteRunner.java:348)
	at org.testng.SuiteRunner.runSequentially(SuiteRunner.java:343)
	at org.testng.SuiteRunner.privateRun(SuiteRunner.java:305)
	at org.testng.SuiteRunner.run(SuiteRunner.java:254)
	at org.testng.SuiteRunnerWorker.runSuite(SuiteRunnerWorker.java:52)
	at org.testng.SuiteRunnerWorker.run(SuiteRunnerWorker.java:86)
	at org.testng.TestNG.runSuitesSequentially(TestNG.java:1224)
	at org.testng.TestNG.runSuitesLocally(TestNG.java:1149)
	at org.testng.TestNG.run(TestNG.java:1057)
	at org.testng.remote.RemoteTestNG.run(RemoteTestNG.java:115)
	at org.testng.remote.RemoteTestNG.initAndRun(RemoteTestNG.java:207)
	at org.testng.remote.RemoteTestNG.main(RemoteTestNG.java:178)
]]>
            </full-stacktrace>
          </exception> <!-- junit.framework.AssertionFailedError -->
          <reporter-output>
          </reporter-output>
        </test-method> <!-- testNBC -->
        <test-method status="PASS" signature="setUp()[pri:0, instance:com.mop.qa.test.bvt.Test_Schedule_Assesment@3796751b]" name="setUp" is-config="true" duration-ms="0" started-at="2016-01-14T08:55:58Z" finished-at="2016-01-14T08:55:58Z">
          <reporter-output>
          </reporter-output>
        </test-method> <!-- setUp -->
        <test-method status="PASS" signature="teardown()[pri:0, instance:com.mop.qa.test.bvt.Test_Schedule_Assesment@3796751b]" name="teardown" is-config="true" duration-ms="1" started-at="2016-01-14T08:58:26Z" finished-at="2016-01-14T08:58:26Z">
          <reporter-output>
          </reporter-output>
        </test-method> <!-- teardown -->
        <test-method status="PASS" signature="finishExecution()[pri:0, instance:com.mop.qa.test.bvt.Test_Schedule_Assesment@3796751b]" name="finishExecution" is-config="true" duration-ms="1060" started-at="2016-01-14T08:58:26Z" finished-at="2016-01-14T08:58:27Z">
          <reporter-output>
          </reporter-output>
        </test-method> <!-- finishExecution -->
      </class> <!-- com.mop.qa.test.bvt.Test_Schedule_Assesment -->
    </test> <!-- Test2 -->
  </suite> <!-- Canvas Schedule Assesment -->
</testng-results>
