<?xml version="1.0" encoding="UTF-8"?>
<!-- Generated by org.testng.reporters.JUnitReportReporter -->
<testsuite hostname="ELSPHIL-7007894" name="com.mop.qa.test.bvt.Test_Schedule_Assesment" tests="1" failures="0" timestamp="14 Jan 2016 13:58:28 GMT" time="147.740" errors="1">
  <testcase name="testNBC" time="147.740" classname="com.mop.qa.test.bvt.Test_Schedule_Assesment">
    <error type="junit.framework.AssertionFailedError" message="Exception on clicking webelementClick on Belief, Values and Caringorg.openqa.selenium.TimeoutException: Timed out after 60 seconds waiting for visibility of [[FirefoxDriver: firefox on WINDOWS (7dcdd1b3-bac3-424b-8be6-9b11a42c2c10)] -&gt; xpath: //html/body/ui-view/snap-content/div/div[4]/div/div/ul/li[2]/week-drag-panel/div[2]/ul/li[2]/module-drag-panel/div/div[1]/span]
Build info: version: &#039;2.47.0&#039;, revision: &#039;0e4837e94b1fad0db93e88cd972ed3e235a22892&#039;, time: &#039;2015-07-29 15:58:41&#039;
System info: host: &#039;ELSPHIL-7007894&#039;, ip: &#039;145.36.82.47&#039;, os.name: &#039;Windows 7&#039;, os.arch: &#039;amd64&#039;, os.version: &#039;6.1&#039;, java.version: &#039;1.8.0_65&#039;
Driver info: org.openqa.selenium.firefox.FirefoxDriver
Capabilities [{applicationCacheEnabled=true, rotatable=false, handlesAlerts=true, databaseEnabled=true, version=38.5.2, platform=WINDOWS, nativeEvents=false, acceptSslCerts=true, webStorageEnabled=true, locationContextEnabled=true, browserName=firefox, takesScreenshot=true, javascriptEnabled=true, cssSelectorsEnabled=true}]
Session ID: 7dcdd1b3-bac3-424b-8be6-9b11a42c2c10">
      <![CDATA[junit.framework.AssertionFailedError: Exception on clicking webelementClick on Belief, Values and Caringorg.openqa.selenium.TimeoutException: Timed out after 60 seconds waiting for visibility of [[FirefoxDriver: firefox on WINDOWS (7dcdd1b3-bac3-424b-8be6-9b11a42c2c10)] -> xpath: //html/body/ui-view/snap-content/div/div[4]/div/div/ul/li[2]/week-drag-panel/div[2]/ul/li[2]/module-drag-panel/div/div[1]/span]
Build info: version: '2.47.0', revision: '0e4837e94b1fad0db93e88cd972ed3e235a22892', time: '2015-07-29 15:58:41'
System info: host: 'ELSPHIL-7007894', ip: '145.36.82.47', os.name: 'Windows 7', os.arch: 'amd64', os.version: '6.1', java.version: '1.8.0_65'
Driver info: org.openqa.selenium.firefox.FirefoxDriver
Capabilities [{applicationCacheEnabled=true, rotatable=false, handlesAlerts=true, databaseEnabled=true, version=38.5.2, platform=WINDOWS, nativeEvents=false, acceptSslCerts=true, webStorageEnabled=true, locationContextEnabled=true, browserName=firefox, takesScreenshot=true, javascriptEnabled=true, cssSelectorsEnabled=true}]
Session ID: 7dcdd1b3-bac3-424b-8be6-9b11a42c2c10
	at com.mop.qa.Utilities.ReportGenerator.logException(ReportGenerator.java:233)
	at com.mop.qa.testbase.PageBase_Appium.click(PageBase_Appium.java:321)
	at com.mop.qa.pageobject.Schedule_Assesment.selectModule(Schedule_Assesment.java:216)
	at com.mop.qa.pageobject.Schedule_Assesment.scheduleCourse(Schedule_Assesment.java:167)
	at com.mop.qa.test.bvt.Test_Schedule_Assesment.testNBC(Test_Schedule_Assesment.java:25)
	at sun.reflect.NativeMethodAccessorImpl.invoke0(Native Method)
	at sun.reflect.NativeMethodAccessorImpl.invoke(NativeMethodAccessorImpl.java:62)
	at sun.reflect.DelegatingMethodAccessorImpl.invoke(DelegatingMethodAccessorImpl.java:43)
	at java.lang.reflect.Method.invoke(Method.java:497)
	at org.testng.internal.MethodInvocationHelper.invokeMethod(MethodInvocationHelper.java:84)
	at org.testng.internal.Invoker.invokeMethod(Invoker.java:714)
	at org.testng.internal.Invoker.invokeTestMethod(Invoker.java:901)
	at org.testng.internal.Invoker.invokeTestMethods(Invoker.java:1231)
	at org.testng.internal.TestMethodWorker.invokeTestMethods(TestMethodWorker.java:127)
	at org.testng.internal.TestMethodWorker.run(TestMethodWorker.java:111)
	at org.testng.TestRunner.privateRun(TestRunner.java:767)
	at org.testng.TestRunner.run(TestRunner.java:617)
	at org.testng.SuiteRunner.runTest(SuiteRunner.java:348)
	at org.testng.SuiteRunner.runSequentially(SuiteRunner.java:343)
	at org.testng.SuiteRunner.privateRun(SuiteRunner.java:305)
	at org.testng.SuiteRunner.run(SuiteRunner.java:254)
	at org.testng.SuiteRunnerWorker.runSuite(SuiteRunnerWorker.java:52)
	at org.testng.SuiteRunnerWorker.run(SuiteRunnerWorker.java:86)
	at org.testng.TestNG.runSuitesSequentially(TestNG.java:1224)
	at org.testng.TestNG.runSuitesLocally(TestNG.java:1149)
	at org.testng.TestNG.run(TestNG.java:1057)
	at org.testng.remote.RemoteTestNG.run(RemoteTestNG.java:115)
	at org.testng.remote.RemoteTestNG.initAndRun(RemoteTestNG.java:207)
	at org.testng.remote.RemoteTestNG.main(RemoteTestNG.java:178)
]]>
    </error>
  </testcase> <!-- testNBC -->
</testsuite> <!-- com.mop.qa.test.bvt.Test_Schedule_Assesment -->
